<?xml version="1.0" encoding="UTF-8"?>
<coverage generated="1659019044063" clover="3.2.0">
  <project timestamp="1659019044064" name="All files">
    <metrics statements="16" coveredstatements="11" conditionals="0" coveredconditionals="0" methods="3" coveredmethods="0" elements="19" coveredelements="11" complexity="0" loc="16" ncloc="16" packages="1" files="2" classes="2"/>
    <file name="habit.js" path="/Users/Nouria/Desktop/Lap_2_Project/api/models/habit.js">
      <metrics statements="3" coveredstatements="3" conditionals="0" coveredconditionals="0" methods="0" coveredmethods="0"/>
      <line num="1" count="1" type="stmt"/>
      <line num="3" count="1" type="stmt"/>
      <line num="24" count="1" type="stmt"/>
    </file>
    <file name="user.js" path="/Users/Nouria/Desktop/Lap_2_Project/api/models/user.js">
      <metrics statements="13" coveredstatements="8" conditionals="0" coveredconditionals="0" methods="3" coveredmethods="0"/>
      <line num="1" count="1" type="stmt"/>
      <line num="2" count="1" type="stmt"/>
      <line num="3" count="1" type="stmt"/>
      <line num="5" count="1" type="stmt"/>
      <line num="28" count="1" type="stmt"/>
      <line num="29" count="0" type="stmt"/>
      <line num="30" count="0" type="stmt"/>
      <line num="33" count="1" type="stmt"/>
      <line num="34" count="0" type="stmt"/>
      <line num="43" count="1" type="stmt"/>
      <line num="44" count="0" type="stmt"/>
      <line num="45" count="0" type="stmt"/>
      <line num="48" count="1" type="stmt"/>
    </file>
  </project>
</coverage>
