{"/Users/Nouria/Desktop/Lap_2_Project/api/models/habit.js": {"path":"/Users/Nouria/Desktop/Lap_2_Project/api/models/habit.js","statementMap":{"0":{"start":{"line":1,"column":17},"end":{"line":1,"column":36}},"1":{"start":{"line":3,"column":20},"end":{"line":22,"column":2}},"2":{"start":{"line":24,"column":0},"end":{"line":24,"column":54}}},"fnMap":{},"branchMap":{},"s":{"0":1,"1":1,"2":1},"f":{},"b":{},"_coverageSchema":"1a1c01bbd47fc00a2c39e90264f33305004495a9","hash":"b7b70a23fe9c03034660ba83d9c8bf8f314d8611"}
,"/Users/Nouria/Desktop/Lap_2_Project/api/models/user.js": {"path":"/Users/Nouria/Desktop/Lap_2_Project/api/models/user.js","statementMap":{"0":{"start":{"line":1,"column":17},"end":{"line":1,"column":36}},"1":{"start":{"line":2,"column":12},"end":{"line":2,"column":35}},"2":{"start":{"line":3,"column":15},"end":{"line":3,"column":34}},"3":{"start":{"line":5,"column":19},"end":{"line":26,"column":2}},"4":{"start":{"line":28,"column":0},"end":{"line":31,"column":3}},"5":{"start":{"line":29,"column":15},"end":{"line":29,"column":39}},"6":{"start":{"line":30,"column":2},"end":{"line":30,"column":57}},"7":{"start":{"line":33,"column":0},"end":{"line":41,"column":2}},"8":{"start":{"line":34,"column":2},"end":{"line":40,"column":4}},"9":{"start":{"line":43,"column":0},"end":{"line":46,"column":2}},"10":{"start":{"line":44,"column":18},"end":{"line":44,"column":67}},"11":{"start":{"line":45,"column":2},"end":{"line":45,"column":17}},"12":{"start":{"line":48,"column":0},"end":{"line":48,"column":52}}},"fnMap":{"0":{"name":"(anonymous_0)","decl":{"start":{"line":28,"column":23},"end":{"line":28,"column":24}},"loc":{"start":{"line":28,"column":41},"end":{"line":31,"column":1}},"line":28},"1":{"name":"(anonymous_1)","decl":{"start":{"line":33,"column":31},"end":{"line":33,"column":32}},"loc":{"start":{"line":33,"column":43},"end":{"line":41,"column":1}},"line":33},"2":{"name":"(anonymous_2)","decl":{"start":{"line":43,"column":37},"end":{"line":43,"column":38}},"loc":{"start":{"line":43,"column":67},"end":{"line":46,"column":1}},"line":43}},"branchMap":{},"s":{"0":1,"1":1,"2":1,"3":1,"4":1,"5":0,"6":0,"7":1,"8":0,"9":1,"10":0,"11":0,"12":1},"f":{"0":0,"1":0,"2":0},"b":{},"_coverageSchema":"1a1c01bbd47fc00a2c39e90264f33305004495a9","hash":"abf25c2944e8c6014c602bc55c0f7a1513d35345"}
}
